\BOOKMARK [1][-]{Doc-Start}{Introduction}{}% 1
\BOOKMARK [1][-]{section.1}{Context model}{}% 2
\BOOKMARK [2][-]{subsection.1.1}{Enlistment of context parameters}{section.1}% 3
\BOOKMARK [2][-]{subsection.1.2}{Leaf modelling}{section.1}% 4
\BOOKMARK [3][-]{subsubsection.1.2.1}{Foliage distribution on the ground}{subsection.1.2}% 5
\BOOKMARK [3][-]{subsubsection.1.2.2}{Foliage geometry}{subsection.1.2}% 6
\BOOKMARK [3][-]{subsubsection.1.2.3}{Foliage photometry}{subsection.1.2}% 7
\BOOKMARK [1][-]{section.2}{Realization of the model in Blender}{}% 8
\BOOKMARK [2][-]{subsection.2.1}{Simplification of graphical model parameters}{section.2}% 9
\BOOKMARK [2][-]{subsection.2.2}{Leaf geometry}{section.2}% 10
\BOOKMARK [2][-]{subsection.2.3}{Leaf distribution}{section.2}% 11
\BOOKMARK [2][-]{subsection.2.4}{Tree geometry}{section.2}% 12
\BOOKMARK [2][-]{subsection.2.5}{Color adjustment}{section.2}% 13
\BOOKMARK [1][-]{section.3}{Algorithmic pipeline}{}% 14
\BOOKMARK [2][-]{subsection.3.1}{Initial pipeline version}{section.3}% 15
\BOOKMARK [3][-]{subsubsection.3.1.1}{Ground plane detection}{subsection.3.1}% 16
\BOOKMARK [3][-]{subsubsection.3.1.2}{Leaf color detection}{subsection.3.1}% 17
\BOOKMARK [3][-]{subsubsection.3.1.3}{Leaf form analysis}{subsection.3.1}% 18
\BOOKMARK [1][-]{section.4}{Performance analysis}{}% 19
\BOOKMARK [1][-]{section.5}{Results}{}% 20
\BOOKMARK [1][-]{section.6}{Discussion}{}% 21
\BOOKMARK [1][-]{section*.20}{References}{}% 22
